<?xml version="1.0" encoding="UTF-8"?>
<testng-results skipped="0" failed="0" total="2" passed="2">
  <reporter-output>
  </reporter-output>
  <suite name="Default suite" duration-ms="26702" started-at="2019-11-30T10:34:47Z" finished-at="2019-11-30T10:35:14Z">
    <groups>
    </groups>
    <test name="Default test" duration-ms="26702" started-at="2019-11-30T10:34:47Z" finished-at="2019-11-30T10:35:14Z">
      <class name="testcases.HomePageTest">
        <test-method status="PASS" signature="beforeTest()[pri:0, instance:testcases.HomePageTest@46d56d67]" name="beforeTest" is-config="true" duration-ms="20384" started-at="2019-11-30T16:04:47Z" finished-at="2019-11-30T16:05:07Z">
          <reporter-output>
          </reporter-output>
        </test-method> <!-- beforeTest -->
        <test-method status="PASS" signature="test01_titleTest()[pri:0, instance:testcases.HomePageTest@46d56d67]" name="test01_titleTest" duration-ms="82" started-at="2019-11-30T16:05:07Z" finished-at="2019-11-30T16:05:07Z">
          <reporter-output>
          </reporter-output>
        </test-method> <!-- test01_titleTest -->
        <test-method status="PASS" signature="test02_contentTest()[pri:0, instance:testcases.HomePageTest@46d56d67]" name="test02_contentTest" duration-ms="5576" started-at="2019-11-30T16:05:07Z" finished-at="2019-11-30T16:05:13Z">
          <reporter-output>
          </reporter-output>
        </test-method> <!-- test02_contentTest -->
        <test-method status="PASS" signature="afterTest()[pri:0, instance:testcases.HomePageTest@46d56d67]" name="afterTest" is-config="true" duration-ms="554" started-at="2019-11-30T16:05:13Z" finished-at="2019-11-30T16:05:14Z">
          <reporter-output>
          </reporter-output>
        </test-method> <!-- afterTest -->
      </class> <!-- testcases.HomePageTest -->
    </test> <!-- Default test -->
  </suite> <!-- Default suite -->
</testng-results>
