<?xml version="1.0" encoding="UTF-8"?>
<testng-results skipped="0" failed="0" total="2" passed="2">
  <reporter-output>
  </reporter-output>
  <suite name="Default suite" duration-ms="15503" started-at="2019-11-30T06:48:59Z" finished-at="2019-11-30T06:49:14Z">
    <groups>
    </groups>
    <test name="Default test" duration-ms="15503" started-at="2019-11-30T06:48:59Z" finished-at="2019-11-30T06:49:14Z">
      <class name="testcases.HomePageTest">
        <test-method status="PASS" signature="beforeTest()[pri:0, instance:testcases.HomePageTest@29774679]" name="beforeTest" is-config="true" duration-ms="13639" started-at="2019-11-30T12:18:59Z" finished-at="2019-11-30T12:19:12Z">
          <reporter-output>
          </reporter-output>
        </test-method> <!-- beforeTest -->
        <test-method status="PASS" signature="test01_titleTest()[pri:0, instance:testcases.HomePageTest@29774679]" name="test01_titleTest" duration-ms="35" started-at="2019-11-30T12:19:12Z" finished-at="2019-11-30T12:19:12Z">
          <reporter-output>
          </reporter-output>
        </test-method> <!-- test01_titleTest -->
        <test-method status="PASS" signature="test02_contentTest()[pri:0, instance:testcases.HomePageTest@29774679]" name="test02_contentTest" duration-ms="1171" started-at="2019-11-30T12:19:12Z" finished-at="2019-11-30T12:19:13Z">
          <reporter-output>
          </reporter-output>
        </test-method> <!-- test02_contentTest -->
        <test-method status="PASS" signature="afterTest()[pri:0, instance:testcases.HomePageTest@29774679]" name="afterTest" is-config="true" duration-ms="592" started-at="2019-11-30T12:19:13Z" finished-at="2019-11-30T12:19:14Z">
          <reporter-output>
          </reporter-output>
        </test-method> <!-- afterTest -->
      </class> <!-- testcases.HomePageTest -->
    </test> <!-- Default test -->
  </suite> <!-- Default suite -->
</testng-results>
